<?xml version="1.0" ?><testsuite name="org.adempiere.webui.component.GridPanel_Test" time="0.12" timestamp="2022-12-09T14:05:33" tests="4" failures="0" skipped="0" aborted="0"><properties>
[...]
</properties><testcase classname="org.adempiere.webui.component.GridPanel_Test$GivenAGridTab$GivenATableWithRowsAndTheLastRowIsNotCurrent" name="givenNewRecord_thenNoNavigation(Key)[1]" time="0.024"></testcase><testcase classname="org.adempiere.webui.component.GridPanel_Test$GivenAGridTab$GivenATableWithRowsAndTheLastRowIsNotCurrent" name="givenNewRecord_thenNoNavigation(Key)[2]" time="0.025"></testcase><testcase classname="org.adempiere.webui.component.GridPanel_Test$GivenAGridTab$GivenATableWithRowsAndTheLastRowIsNotCurrent" name="givenNewRecord_thenNoNavigation(Key)[3]" time="0.024"></testcase><testcase classname="org.adempiere.webui.component.GridPanel_Test$GivenAGridTab$GivenATableWithRowsAndTheLastRowIsNotCurrent" name="givenNewRecord_thenNoNavigation(Key)[4]" time="0.033"></testcase></testsuite>